c:\users\game003\onedrive - 学校法人　吉田学園\ドキュメント\visual studio 2015\projects\directx\shootingcpp\shootingcpp\debug\vc140.pdb
c:\users\game003\onedrive - 学校法人　吉田学園\ドキュメント\visual studio 2015\projects\directx\shootingcpp\shootingcpp\debug\vc140.idb
c:\users\game003\onedrive - 学校法人　吉田学園\ドキュメント\visual studio 2015\projects\directx\shootingcpp\shootingcpp\debug\inputkeyboard.nativecodeanalysis.xml
c:\users\game003\onedrive - 学校法人　吉田学園\ドキュメント\visual studio 2015\projects\directx\shootingcpp\shootingcpp\debug\inputmouse.nativecodeanalysis.xml
c:\users\game003\onedrive - 学校法人　吉田学園\ドキュメント\visual studio 2015\projects\directx\shootingcpp\shootingcpp\debug\item.nativecodeanalysis.xml
c:\users\game003\onedrive - 学校法人　吉田学園\ドキュメント\visual studio 2015\projects\directx\shootingcpp\shootingcpp\debug\laser.nativecodeanalysis.xml
c:\users\game003\onedrive - 学校法人　吉田学園\ドキュメント\visual studio 2015\projects\directx\shootingcpp\shootingcpp\debug\laserlayer.nativecodeanalysis.xml
c:\users\game003\onedrive - 学校法人　吉田学園\ドキュメント\visual studio 2015\projects\directx\shootingcpp\shootingcpp\debug\life.nativecodeanalysis.xml
c:\users\game003\onedrive - 学校法人　吉田学園\ドキュメント\visual studio 2015\projects\directx\shootingcpp\shootingcpp\debug\main.nativecodeanalysis.xml
c:\users\game003\onedrive - 学校法人　吉田学園\ドキュメント\visual studio 2015\projects\directx\shootingcpp\shootingcpp\debug\manager.nativecodeanalysis.xml
c:\users\game003\onedrive - 学校法人　吉田学園\ドキュメント\visual studio 2015\projects\directx\shootingcpp\shootingcpp\debug\map.nativecodeanalysis.xml
c:\users\game003\onedrive - 学校法人　吉田学園\ドキュメント\visual studio 2015\projects\directx\shootingcpp\shootingcpp\debug\number.nativecodeanalysis.xml
c:\users\game003\onedrive - 学校法人　吉田学園\ドキュメント\visual studio 2015\projects\directx\shootingcpp\shootingcpp\debug\player.nativecodeanalysis.xml
c:\users\game003\onedrive - 学校法人　吉田学園\ドキュメント\visual studio 2015\projects\directx\shootingcpp\shootingcpp\debug\polygon.nativecodeanalysis.xml
c:\users\game003\onedrive - 学校法人　吉田学園\ドキュメント\visual studio 2015\projects\directx\shootingcpp\shootingcpp\debug\renderer.nativecodeanalysis.xml
c:\users\game003\onedrive - 学校法人　吉田学園\ドキュメント\visual studio 2015\projects\directx\shootingcpp\shootingcpp\debug\result.nativecodeanalysis.xml
c:\users\game003\onedrive - 学校法人　吉田学園\ドキュメント\visual studio 2015\projects\directx\shootingcpp\shootingcpp\debug\scene.nativecodeanalysis.xml
c:\users\game003\onedrive - 学校法人　吉田学園\ドキュメント\visual studio 2015\projects\directx\shootingcpp\shootingcpp\debug\scene2d.nativecodeanalysis.xml
c:\users\game003\onedrive - 学校法人　吉田学園\ドキュメント\visual studio 2015\projects\directx\shootingcpp\shootingcpp\debug\score.nativecodeanalysis.xml
c:\users\game003\onedrive - 学校法人　吉田学園\ドキュメント\visual studio 2015\projects\directx\shootingcpp\shootingcpp\debug\sound.nativecodeanalysis.xml
c:\users\game003\onedrive - 学校法人　吉田学園\ドキュメント\visual studio 2015\projects\directx\shootingcpp\shootingcpp\debug\title.nativecodeanalysis.xml
c:\users\game003\onedrive - 学校法人　吉田学園\ドキュメント\visual studio 2015\projects\directx\shootingcpp\shootingcpp\debug\tutorial.nativecodeanalysis.xml
c:\users\game003\onedrive - 学校法人　吉田学園\ドキュメント\visual studio 2015\projects\directx\shootingcpp\shootingcpp\debug\bg.nativecodeanalysis.xml
c:\users\game003\onedrive - 学校法人　吉田学園\ドキュメント\visual studio 2015\projects\directx\shootingcpp\shootingcpp\debug\bullet.nativecodeanalysis.xml
c:\users\game003\onedrive - 学校法人　吉田学園\ドキュメント\visual studio 2015\projects\directx\shootingcpp\shootingcpp\debug\cursol.nativecodeanalysis.xml
c:\users\game003\onedrive - 学校法人　吉田学園\ドキュメント\visual studio 2015\projects\directx\shootingcpp\shootingcpp\debug\enemy.nativecodeanalysis.xml
c:\users\game003\onedrive - 学校法人　吉田学園\ドキュメント\visual studio 2015\projects\directx\shootingcpp\shootingcpp\debug\energy.nativecodeanalysis.xml
c:\users\game003\onedrive - 学校法人　吉田学園\ドキュメント\visual studio 2015\projects\directx\shootingcpp\shootingcpp\debug\explosion.nativecodeanalysis.xml
c:\users\game003\onedrive - 学校法人　吉田学園\ドキュメント\visual studio 2015\projects\directx\shootingcpp\shootingcpp\debug\fade.nativecodeanalysis.xml
c:\users\game003\onedrive - 学校法人　吉田学園\ドキュメント\visual studio 2015\projects\directx\shootingcpp\shootingcpp\debug\input.nativecodeanalysis.xml
c:\users\game003\onedrive - 学校法人　吉田学園\ドキュメント\visual studio 2015\projects\directx\shootingcpp\shootingcpp\debug\inputkeyboard.obj
c:\users\game003\onedrive - 学校法人　吉田学園\ドキュメント\visual studio 2015\projects\directx\shootingcpp\shootingcpp\debug\inputmouse.obj
c:\users\game003\onedrive - 学校法人　吉田学園\ドキュメント\visual studio 2015\projects\directx\shootingcpp\shootingcpp\debug\item.obj
c:\users\game003\onedrive - 学校法人　吉田学園\ドキュメント\visual studio 2015\projects\directx\shootingcpp\shootingcpp\debug\laser.obj
c:\users\game003\onedrive - 学校法人　吉田学園\ドキュメント\visual studio 2015\projects\directx\shootingcpp\shootingcpp\debug\laserlayer.obj
c:\users\game003\onedrive - 学校法人　吉田学園\ドキュメント\visual studio 2015\projects\directx\shootingcpp\shootingcpp\debug\life.obj
c:\users\game003\onedrive - 学校法人　吉田学園\ドキュメント\visual studio 2015\projects\directx\shootingcpp\shootingcpp\debug\main.obj
c:\users\game003\onedrive - 学校法人　吉田学園\ドキュメント\visual studio 2015\projects\directx\shootingcpp\shootingcpp\debug\manager.obj
c:\users\game003\onedrive - 学校法人　吉田学園\ドキュメント\visual studio 2015\projects\directx\shootingcpp\shootingcpp\debug\map.obj
c:\users\game003\onedrive - 学校法人　吉田学園\ドキュメント\visual studio 2015\projects\directx\shootingcpp\shootingcpp\debug\number.obj
c:\users\game003\onedrive - 学校法人　吉田学園\ドキュメント\visual studio 2015\projects\directx\shootingcpp\shootingcpp\debug\player.obj
c:\users\game003\onedrive - 学校法人　吉田学園\ドキュメント\visual studio 2015\projects\directx\shootingcpp\shootingcpp\debug\polygon.obj
c:\users\game003\onedrive - 学校法人　吉田学園\ドキュメント\visual studio 2015\projects\directx\shootingcpp\shootingcpp\debug\renderer.obj
c:\users\game003\onedrive - 学校法人　吉田学園\ドキュメント\visual studio 2015\projects\directx\shootingcpp\shootingcpp\debug\result.obj
c:\users\game003\onedrive - 学校法人　吉田学園\ドキュメント\visual studio 2015\projects\directx\shootingcpp\shootingcpp\debug\scene.obj
c:\users\game003\onedrive - 学校法人　吉田学園\ドキュメント\visual studio 2015\projects\directx\shootingcpp\shootingcpp\debug\scene2d.obj
c:\users\game003\onedrive - 学校法人　吉田学園\ドキュメント\visual studio 2015\projects\directx\shootingcpp\shootingcpp\debug\score.obj
c:\users\game003\onedrive - 学校法人　吉田学園\ドキュメント\visual studio 2015\projects\directx\shootingcpp\shootingcpp\debug\sound.obj
c:\users\game003\onedrive - 学校法人　吉田学園\ドキュメント\visual studio 2015\projects\directx\shootingcpp\shootingcpp\debug\title.obj
c:\users\game003\onedrive - 学校法人　吉田学園\ドキュメント\visual studio 2015\projects\directx\shootingcpp\shootingcpp\debug\tutorial.obj
c:\users\game003\onedrive - 学校法人　吉田学園\ドキュメント\visual studio 2015\projects\directx\shootingcpp\shootingcpp\debug\bg.obj
c:\users\game003\onedrive - 学校法人　吉田学園\ドキュメント\visual studio 2015\projects\directx\shootingcpp\shootingcpp\debug\bullet.obj
c:\users\game003\onedrive - 学校法人　吉田学園\ドキュメント\visual studio 2015\projects\directx\shootingcpp\shootingcpp\debug\cursol.obj
c:\users\game003\onedrive - 学校法人　吉田学園\ドキュメント\visual studio 2015\projects\directx\shootingcpp\shootingcpp\debug\enemy.obj
c:\users\game003\onedrive - 学校法人　吉田学園\ドキュメント\visual studio 2015\projects\directx\shootingcpp\shootingcpp\debug\energy.obj
c:\users\game003\onedrive - 学校法人　吉田学園\ドキュメント\visual studio 2015\projects\directx\shootingcpp\shootingcpp\debug\explosion.obj
c:\users\game003\onedrive - 学校法人　吉田学園\ドキュメント\visual studio 2015\projects\directx\shootingcpp\shootingcpp\debug\fade.obj
c:\users\game003\onedrive - 学校法人　吉田学園\ドキュメント\visual studio 2015\projects\directx\shootingcpp\shootingcpp\debug\input.obj
c:\users\game003\onedrive - 学校法人　吉田学園\ドキュメント\visual studio 2015\projects\directx\shootingcpp\debug\shootingcpp.ilk
c:\users\game003\onedrive - 学校法人　吉田学園\ドキュメント\visual studio 2015\projects\directx\shootingcpp\debug\shootingcpp.exe
c:\users\game003\onedrive - 学校法人　吉田学園\ドキュメント\visual studio 2015\projects\directx\shootingcpp\debug\shootingcpp.pdb
c:\users\game003\onedrive - 学校法人　吉田学園\ドキュメント\visual studio 2015\projects\directx\shootingcpp\shootingcpp\debug\nativecodeanalysis.read.1.tlog
c:\users\game003\onedrive - 学校法人　吉田学園\ドキュメント\visual studio 2015\projects\directx\shootingcpp\shootingcpp\debug\vc.nativecodeanalysis.all.xml
c:\users\game003\onedrive - 学校法人　吉田学園\ドキュメント\visual studio 2015\projects\directx\shootingcpp\debug\shootingcpp.exe.lastcodeanalysissucceeded
c:\users\game003\onedrive - 学校法人　吉田学園\ドキュメント\visual studio 2015\projects\directx\shootingcpp\shootingcpp\debug\shootingcpp.tlog\cl.command.1.tlog
c:\users\game003\onedrive - 学校法人　吉田学園\ドキュメント\visual studio 2015\projects\directx\shootingcpp\shootingcpp\debug\shootingcpp.tlog\cl.read.1.tlog
c:\users\game003\onedrive - 学校法人　吉田学園\ドキュメント\visual studio 2015\projects\directx\shootingcpp\shootingcpp\debug\shootingcpp.tlog\cl.write.1.tlog
c:\users\game003\onedrive - 学校法人　吉田学園\ドキュメント\visual studio 2015\projects\directx\shootingcpp\shootingcpp\debug\shootingcpp.tlog\link.command.1.tlog
c:\users\game003\onedrive - 学校法人　吉田学園\ドキュメント\visual studio 2015\projects\directx\shootingcpp\shootingcpp\debug\shootingcpp.tlog\link.read.1.tlog
c:\users\game003\onedrive - 学校法人　吉田学園\ドキュメント\visual studio 2015\projects\directx\shootingcpp\shootingcpp\debug\shootingcpp.tlog\link.write.1.tlog
