  main.cpp
main.cpp(54): warning C4838: 'float' から 'LONG' への変換には縮小変換が必要です
main.cpp(54): warning C4244: '初期化中': 'float' から 'LONG' への変換です。データが失われる可能性があります。
  manager.cpp
manager.cpp(113): warning C4244: '引数': 'double' から 'FLOAT' への変換です。データが失われる可能性があります。
  renderer.cpp
  result.cpp
result.cpp(89): warning C4996: 'fopen': This function or variable may be unsafe. Consider using fopen_s instead. To disable deprecation, use _CRT_SECURE_NO_WARNINGS. See online help for details.
  C:\Program Files (x86)\Windows Kits\10\Include\10.0.10240.0\ucrt\stdio.h(205): note: 'fopen' の宣言を確認してください
result.cpp(92): warning C4996: 'fscanf': This function or variable may be unsafe. Consider using fscanf_s instead. To disable deprecation, use _CRT_SECURE_NO_WARNINGS. See online help for details.
  C:\Program Files (x86)\Windows Kits\10\Include\10.0.10240.0\ucrt\stdio.h(1193): note: 'fscanf' の宣言を確認してください
result.cpp(121): warning C4996: 'fopen': This function or variable may be unsafe. Consider using fopen_s instead. To disable deprecation, use _CRT_SECURE_NO_WARNINGS. See online help for details.
  C:\Program Files (x86)\Windows Kits\10\Include\10.0.10240.0\ucrt\stdio.h(205): note: 'fopen' の宣言を確認してください
result.cpp(130): warning C4838: 'float' から 'LONG' への変換には縮小変換が必要です
result.cpp(130): warning C4244: '初期化中': 'float' から 'LONG' への変換です。データが失われる可能性があります。
result.cpp(137): warning C4996: 'strcat': This function or variable may be unsafe. Consider using strcat_s instead. To disable deprecation, use _CRT_SECURE_NO_WARNINGS. See online help for details.
  C:\Program Files (x86)\Windows Kits\10\Include\10.0.10240.0\ucrt\string.h(90): note: 'strcat' の宣言を確認してください
result.cpp(142): warning C4996: 'strcat': This function or variable may be unsafe. Consider using strcat_s instead. To disable deprecation, use _CRT_SECURE_NO_WARNINGS. See online help for details.
  C:\Program Files (x86)\Windows Kits\10\Include\10.0.10240.0\ucrt\string.h(90): note: 'strcat' の宣言を確認してください
result.cpp(147): warning C4996: 'strcat': This function or variable may be unsafe. Consider using strcat_s instead. To disable deprecation, use _CRT_SECURE_NO_WARNINGS. See online help for details.
  C:\Program Files (x86)\Windows Kits\10\Include\10.0.10240.0\ucrt\string.h(90): note: 'strcat' の宣言を確認してください
result.cpp(136): warning C4996: 'sprintf': This function or variable may be unsafe. Consider using sprintf_s instead. To disable deprecation, use _CRT_SECURE_NO_WARNINGS. See online help for details.
  C:\Program Files (x86)\Windows Kits\10\Include\10.0.10240.0\ucrt\stdio.h(1769): note: 'sprintf' の宣言を確認してください
result.cpp(141): warning C4996: 'sprintf': This function or variable may be unsafe. Consider using sprintf_s instead. To disable deprecation, use _CRT_SECURE_NO_WARNINGS. See online help for details.
  C:\Program Files (x86)\Windows Kits\10\Include\10.0.10240.0\ucrt\stdio.h(1769): note: 'sprintf' の宣言を確認してください
result.cpp(146): warning C4474: 'sprintf': 書式文字列に渡された引数の数が多すぎます
  result.cpp(146): note: プレースホルダーとそのパラメーターには 0 の可変個引数が必要ですが、1 が指定されています。
result.cpp(146): warning C4996: 'sprintf': This function or variable may be unsafe. Consider using sprintf_s instead. To disable deprecation, use _CRT_SECURE_NO_WARNINGS. See online help for details.
  C:\Program Files (x86)\Windows Kits\10\Include\10.0.10240.0\ucrt\stdio.h(1769): note: 'sprintf' の宣言を確認してください
  コード生成しています。
  1 of 331 functions ( 0.3%) were compiled, the rest were copied from previous compilation.
    0 functions were new in current compilation
    0 functions had inline decision re-evaluated but remain unchanged
  コード生成が終了しました。
  ShootingCPP.vcxproj -> C:\Users\game003\OneDrive - 学校法人　吉田学園\ドキュメント\Visual Studio 2015\Projects\DirectX\ShootingCPP\Release\ShootingCPP.exe
  ShootingCPP.vcxproj -> C:\Users\game003\OneDrive - 学校法人　吉田学園\ドキュメント\Visual Studio 2015\Projects\DirectX\ShootingCPP\Release\ShootingCPP.pdb (Full PDB)
